SF:../csu/errno-loc.c
DA:25,1
DA:26,1
DA:27,1
end_of_record
SF:../include/list.h
DA:42,1
DA:44,1
DA:45,1
DA:46,1
DA:47,1
DA:48,1
DA:49,0
DA:54,1
DA:56,1
DA:57,1
DA:63,0
DA:66,0
DA:68,0
DA:69,0
DA:70,0
DA:71,0
end_of_record
SF:../include/time.h
DA:316,0
DA:318,0
end_of_record
SF:../libio/bits/stdio.h
DA:128,0
DA:130,0
end_of_record
SF:../nptl/pthreadP.h
DA:51,0
DA:54,0
end_of_record
SF:../nptl/pthread_mutex_lock.c
DA:64,1
DA:67,1
DA:69,1
DA:71,1
DA:73,0
DA:75,1
DA:77,1
DA:80,1
DA:81,1
DA:84,1
DA:92,0
DA:95,1
DA:99,1
DA:102,1
DA:105,0
DA:107,0
DA:109,0
DA:111,1
DA:115,1
DA:117,1
DA:118,1
DA:120,0
DA:123,0
DA:126,0
DA:128,0
DA:129,0
DA:131,0
DA:133,0
DA:135,0
DA:138,0
DA:140,0
DA:142,0
DA:144,0
DA:148,0
DA:149,0
DA:151,0
DA:152,0
DA:156,1
DA:159,1
DA:161,1
DA:164,1
DA:166,1
DA:167,1
DA:171,0
DA:172,0
DA:173,0
DA:175,0
DA:181,0
DA:185,0
DA:187,0
DA:195,0
DA:196,0
DA:200,0
DA:202,0
DA:203,0
DA:205,0
DA:209,0
DA:212,0
DA:216,0
DA:218,0
DA:221,0
DA:222,0
DA:225,0
DA:232,0
DA:234,0
DA:238,0
DA:239,0
DA:241,0
DA:242,0
DA:251,0
DA:254,0
DA:258,0
DA:260,0
DA:261,0
DA:270,0
DA:274,0
DA:278,0
DA:280,0
DA:282,0
DA:284,0
DA:293,0
DA:295,0
DA:300,0
DA:301,0
DA:303,0
DA:310,0
DA:313,0
DA:315,0
DA:319,0
DA:323,0
DA:324,0
DA:325,0
DA:328,0
DA:332,0
DA:335,0
DA:336,0
DA:338,0
DA:339,0
DA:355,0
DA:359,0
DA:360,0
DA:361,0
DA:364,0
DA:367,0
DA:372,0
DA:375,0
DA:378,0
DA:380,0
DA:384,0
DA:385,0
DA:388,0
DA:392,0
DA:395,0
DA:405,0
DA:407,0
DA:409,0
DA:412,0
DA:416,0
DA:418,0
DA:419,0
DA:421,0
DA:423,0
DA:428,0
DA:431,0
DA:432,0
DA:436,0
DA:438,0
DA:441,0
DA:443,0
DA:446,0
DA:448,0
DA:452,0
DA:453,0
DA:455,0
DA:456,0
DA:464,0
DA:467,0
DA:470,0
DA:471,0
DA:475,0
DA:477,0
DA:482,0
DA:483,0
DA:486,0
DA:487,0
DA:491,0
DA:492,0
DA:494,0
DA:495,0
DA:508,0
DA:511,0
DA:514,0
DA:516,0
DA:517,0
DA:519,0
DA:522,0
DA:526,0
DA:528,0
DA:533,0
DA:535,0
DA:536,0
DA:538,0
DA:540,0
DA:541,0
DA:542,0
DA:545,0
DA:546,0
DA:549,0
DA:550,0
DA:552,0
DA:553,0
DA:561,0
DA:564,0
DA:566,0
DA:567,0
DA:571,0
DA:574,0
DA:575,0
DA:578,0
DA:580,0
DA:584,0
DA:595,0
DA:597,0
DA:600,0
DA:602,0
DA:603,0
DA:613,0
DA:616,0
DA:617,0
DA:618,0
DA:619,0
DA:622,0
DA:623,0
DA:625,0
DA:626,0
DA:627,0
end_of_record
SF:../nptl/pthread_mutex_timedlock.c
DA:49,0
DA:50,0
DA:51,0
DA:52,0
DA:59,0
DA:66,0
DA:69,0
DA:71,0
DA:79,0
DA:82,0
DA:86,0
DA:87,0
DA:92,0
DA:99,0
DA:102,0
DA:109,0
DA:116,0
DA:119,0
DA:121,0
DA:122,0
DA:124,0
DA:126,0
DA:128,0
DA:133,0
DA:135,0
DA:137,0
DA:145,0
DA:149,0
DA:151,0
DA:156,0
DA:157,0
DA:161,0
DA:163,0
DA:164,0
DA:166,0
DA:170,0
DA:173,0
DA:174,0
DA:176,0
DA:177,0
DA:179,0
DA:186,0
DA:188,0
DA:192,0
DA:193,0
DA:195,0
DA:196,0
DA:202,0
DA:206,0
DA:208,0
DA:209,0
DA:213,0
DA:215,0
DA:218,0
DA:222,0
DA:226,0
DA:230,0
DA:232,0
DA:234,0
DA:239,0
DA:243,0
DA:244,0
DA:251,0
DA:253,0
DA:258,0
DA:259,0
DA:261,0
DA:268,0
DA:271,0
DA:275,0
DA:278,0
DA:282,0
DA:286,0
DA:287,0
DA:288,0
DA:291,0
DA:295,0
DA:298,0
DA:299,0
DA:301,0
DA:302,0
DA:318,0
DA:322,0
DA:323,0
DA:324,0
DA:327,0
DA:330,0
DA:335,0
DA:338,0
DA:341,0
DA:343,0
DA:351,0
DA:355,0
DA:358,0
DA:370,0
DA:373,0
DA:378,0
DA:380,0
DA:381,0
DA:383,0
DA:385,0
DA:387,0
DA:392,0
DA:396,0
DA:397,0
DA:399,0
DA:405,0
DA:407,0
DA:410,0
DA:412,0
DA:415,0
DA:417,0
DA:421,0
DA:422,0
DA:424,0
DA:425,0
DA:431,0
DA:434,0
DA:435,0
DA:439,0
DA:441,0
DA:446,0
DA:447,0
DA:450,0
DA:451,0
DA:455,0
DA:456,0
DA:458,0
DA:459,0
DA:472,0
DA:475,0
DA:478,0
DA:480,0
DA:483,0
DA:490,0
DA:492,0
DA:494,0
DA:499,0
DA:501,0
DA:502,0
DA:504,0
DA:506,0
DA:508,0
DA:509,0
DA:513,0
DA:514,0
DA:517,0
DA:518,0
DA:520,0
DA:521,0
DA:524,0
DA:527,0
DA:529,0
DA:530,0
DA:534,0
DA:537,0
DA:540,0
DA:546,0
DA:549,0
DA:552,0
DA:553,0
DA:554,0
DA:556,0
DA:557,0
DA:561,0
DA:563,0
DA:567,0
DA:572,0
DA:574,0
DA:578,0
DA:588,0
DA:591,0
DA:592,0
DA:599,0
DA:605,0
DA:606,0
DA:609,0
DA:610,0
DA:611,0
DA:617,0
DA:618,0
DA:619,0
end_of_record
SF:../nptl/pthread_mutex_trylock.c
DA:36,0
DA:37,0
DA:38,0
DA:42,0
DA:49,0
DA:52,0
DA:54,0
DA:60,0
DA:63,0
DA:64,0
DA:65,0
DA:66,0
DA:72,0
DA:79,0
DA:83,0
DA:87,0
DA:88,0
DA:90,0
DA:96,0
DA:100,0
DA:102,0
DA:103,0
DA:106,0
DA:109,0
DA:111,0
DA:112,0
DA:115,0
DA:122,0
DA:124,0
DA:128,0
DA:129,0
DA:131,0
DA:132,0
DA:138,0
DA:142,0
DA:144,0
DA:145,0
DA:154,0
DA:172,0
DA:174,0
DA:184,0
DA:188,0
DA:189,0
DA:190,0
DA:194,0
DA:202,0
DA:203,0
DA:205,0
DA:206,0
DA:208,0
DA:209,0
DA:210,0
DA:212,0
DA:227,0
DA:231,0
DA:232,0
DA:233,0
DA:236,0
DA:239,0
DA:244,0
DA:247,0
DA:250,0
DA:252,0
DA:256,0
DA:257,0
DA:260,0
DA:264,0
DA:267,0
DA:277,0
DA:278,0
DA:281,0
DA:283,0
DA:293,0
DA:297,0
DA:300,0
DA:301,0
DA:305,0
DA:311,0
DA:313,0
DA:316,0
DA:319,0
DA:321,0
DA:324,0
DA:326,0
DA:330,0
DA:331,0
DA:333,0
DA:334,0
DA:340,0
DA:343,0
DA:344,0
DA:348,0
DA:350,0
DA:355,0
DA:356,0
DA:359,0
DA:363,0
DA:364,0
DA:366,0
DA:367,0
DA:370,0
DA:371,0
DA:372,0
DA:374,0
DA:385,0
DA:388,0
DA:391,0
DA:393,0
DA:394,0
DA:396,0
DA:403,0
DA:405,0
DA:410,0
DA:412,0
DA:413,0
DA:415,0
DA:417,0
DA:418,0
DA:419,0
DA:422,0
DA:423,0
DA:426,0
DA:427,0
DA:429,0
DA:430,0
DA:433,0
DA:436,0
DA:438,0
DA:440,0
DA:441,0
DA:444,0
DA:446,0
DA:447,0
DA:448,0
DA:450,0
DA:459,0
DA:460,0
end_of_record
SF:../nptl/sigaction.c
DA:23,0
DA:24,0
DA:26,0
DA:27,0
DA:30,0
DA:31,0
end_of_record
SF:../sysdeps/nptl/futex-internal.h
DA:83,0
DA:85,1
DA:100,0
DA:102,0
DA:104,0
DA:107,0
DA:142,0
DA:144,1
DA:145,0
DA:150,0
DA:160,0
DA:172,0
DA:175,0
DA:181,1
DA:184,1
DA:185,1
DA:186,1
DA:187,1
DA:188,1
DA:193,1
DA:203,0
DA:271,0
DA:273,0
DA:279,0
DA:285,0
DA:287,0
DA:290,0
DA:296,0
DA:306,0
DA:312,0
DA:319,0
DA:320,0
DA:321,0
DA:322,0
DA:323,0
DA:326,0
DA:327,0
DA:333,0
DA:342,0
DA:365,1
DA:367,1
DA:369,0
DA:371,1
DA:383,0
DA:412,0
DA:415,0
DA:416,0
DA:429,0
DA:435,0
DA:446,0
DA:448,0
DA:449,0
DA:461,0
DA:469,0
end_of_record
SF:../sysdeps/nptl/unwind-forcedunwind.c
DA:38,0
DA:39,0
DA:40,0
DA:41,0
DA:42,0
DA:43,0
DA:45,0
DA:48,0
DA:49,0
DA:53,0
DA:55,0
DA:56,0
DA:57,0
DA:58,0
DA:60,0
DA:65,0
DA:67,0
DA:68,0
DA:69,0
DA:70,0
DA:71,0
DA:72,0
DA:73,0
DA:74,0
DA:78,0
DA:79,0
DA:80,0
DA:85,0
DA:86,0
DA:87,0
DA:89,0
DA:90,0
DA:92,0
DA:97,0
DA:98,0
DA:99,0
DA:101,0
DA:103,0
DA:104,0
DA:105,0
DA:106,0
DA:111,0
DA:112,0
DA:113,0
DA:115,0
DA:117,0
DA:118,0
DA:119,0
DA:120,0
DA:125,0
DA:126,0
DA:127,0
DA:129,0
DA:131,0
DA:134,0
DA:135,0
DA:136,0
DA:140,0
DA:141,0
DA:142,0
DA:144,0
DA:146,0
DA:147,0
DA:148,0
DA:149,0
end_of_record
SF:../sysdeps/pthread/allocalim.h
DA:25,0
DA:27,0
DA:29,0
end_of_record
SF:../sysdeps/pthread/flockfile.c
DA:26,0
DA:27,0
DA:28,0
DA:29,0
end_of_record
SF:../sysdeps/pthread/ftrylockfile.c
DA:27,0
DA:28,0
DA:29,0
end_of_record
SF:../sysdeps/pthread/funlockfile.c
DA:26,0
DA:27,0
DA:28,0
end_of_record
SF:../sysdeps/pthread/sem_close.c
DA:32,0
DA:33,0
DA:34,0
DA:36,0
DA:37,0
DA:38,0
DA:43,0
DA:44,0
DA:47,0
DA:50,0
DA:52,0
DA:53,0
DA:54,0
DA:56,0
DA:60,0
DA:63,0
DA:65,0
DA:67,0
DA:73,0
DA:74,0
DA:78,0
DA:80,0
DA:81,0
end_of_record
SF:../sysdeps/pthread/sem_open.c
DA:39,0
DA:40,0
DA:41,0
DA:42,0
DA:44,0
DA:46,0
DA:48,0
DA:50,0
DA:52,0
DA:53,0
DA:66,0
DA:67,0
DA:70,0
DA:71,0
DA:74,0
DA:77,0
DA:78,0
DA:79,0
DA:80,0
DA:81,0
DA:83,0
DA:85,0
DA:88,0
DA:89,0
DA:94,0
DA:96,0
DA:97,0
DA:100,0
DA:101,0
DA:105,0
DA:106,0
DA:107,0
DA:108,0
DA:109,0
DA:112,0
DA:113,0
DA:119,0
DA:124,0
DA:127,0
DA:130,0
DA:131,0
DA:132,0
DA:135,0
DA:136,0
DA:141,0
DA:142,0
DA:143,0
DA:146,0
DA:147,0
DA:154,0
DA:158,0
DA:159,0
DA:164,0
DA:167,0
DA:168,0
DA:170,0
DA:173,0
DA:181,0
DA:187,0
DA:188,0
DA:189,0
DA:190,0
DA:193,0
DA:195,0
DA:196,0
DA:198,0
DA:200,0
DA:202,0
DA:203,0
DA:204,0
DA:208,0
DA:214,0
DA:217,0
DA:220,0
DA:221,0
DA:223,0
DA:225,0
DA:228,0
DA:234,0
DA:241,0
DA:242,0
DA:244,0
DA:246,0
DA:249,0
DA:260,0
DA:263,0
DA:268,0
DA:271,0
DA:274,0
DA:278,0
DA:281,0
DA:284,0
DA:286,0
DA:293,0
DA:298,0
DA:302,0
DA:303,0
DA:306,0
DA:309,0
DA:310,0
DA:311,0
DA:316,0
DA:319,0
DA:320,0
end_of_record
SF:../sysdeps/pthread/sem_unlink.c
DA:29,0
DA:31,0
DA:34,0
DA:35,0
DA:36,0
DA:38,0
end_of_record
SF:../sysdeps/unix/pt-fcntl.c
DA:34,0
DA:35,0
DA:36,0
DA:37,0
DA:38,0
DA:39,0
DA:40,0
DA:41,0
end_of_record
SF:../sysdeps/unix/sysv/linux/accept.c
DA:24,0
DA:26,0
DA:32,0
end_of_record
SF:../sysdeps/unix/sysv/linux/close.c
DA:26,1
DA:27,1
DA:28,1
end_of_record
SF:../sysdeps/unix/sysv/linux/connect.c
DA:24,0
DA:26,0
DA:30,0
end_of_record
SF:../sysdeps/unix/sysv/linux/createthread.c
DA:49,1
DA:55,1
DA:56,1
DA:57,1
DA:58,0
DA:60,1
DA:61,1
DA:63,0
DA:93,1
DA:99,1
DA:101,1
DA:104,0
DA:108,1
DA:111,1
DA:113,1
DA:114,1
DA:117,1
DA:119,0
DA:121,0
DA:124,0
DA:130,0
DA:131,0
DA:132,0
DA:135,0
DA:140,1
DA:142,0
DA:144,0
DA:147,1
DA:152,1
DA:153,1
end_of_record
SF:../sysdeps/unix/sysv/linux/default-sched.h
DA:27,0
DA:29,0
DA:31,0
DA:33,0
DA:34,0
DA:37,0
DA:39,0
DA:40,1
end_of_record
SF:../sysdeps/unix/sysv/linux/exit-thread.h
DA:33,1
DA:35,1
DA:36,1
end_of_record
SF:../sysdeps/unix/sysv/linux/fsync.c
DA:26,0
DA:27,0
DA:28,0
end_of_record
SF:../sysdeps/unix/sysv/linux/internal-signals.h
DA:44,0
DA:46,0
DA:51,0
DA:53,0
DA:54,0
DA:72,0
DA:74,0
DA:75,0
DA:76,0
DA:77,0
DA:83,0
DA:85,0
DA:86,0
end_of_record
SF:../sysdeps/unix/sysv/linux/lseek64.c
DA:28,1
DA:36,1
DA:38,1
end_of_record
SF:../sysdeps/unix/sysv/linux/msgrcv.c
DA:24,0
DA:26,0
DA:28,0
DA:33,0
end_of_record
SF:../sysdeps/unix/sysv/linux/msgsnd.c
DA:25,0
DA:27,0
DA:32,0
end_of_record
SF:../sysdeps/unix/sysv/linux/msync.c
DA:24,0
DA:25,0
DA:26,0
end_of_record
SF:../sysdeps/unix/sysv/linux/not-cancel.h
DA:58,0
DA:60,0
end_of_record
SF:../sysdeps/unix/sysv/linux/open64.c
DA:37,1
DA:38,1
DA:40,1
DA:42,0
DA:43,0
DA:44,0
DA:45,0
DA:48,1
DA:50,1
end_of_record
SF:../sysdeps/unix/sysv/linux/pause.c
DA:27,0
DA:29,0
DA:33,0
end_of_record
SF:../sysdeps/unix/sysv/linux/pread64.c
DA:27,0
DA:28,0
DA:29,0
DA:30,0
end_of_record
SF:../sysdeps/unix/sysv/linux/pthread-pids.h
DA:26,0
DA:28,0
DA:29,0
end_of_record
SF:../sysdeps/unix/sysv/linux/pthread_getaffinity.c
DA:31,0
DA:32,0
DA:34,0
DA:35,0
DA:37,0
DA:38,0
DA:41,0
DA:43,0
DA:44,0
DA:53,0
DA:55,0
end_of_record
SF:../sysdeps/unix/sysv/linux/pthread_getcpuclockid.c
DA:28,0
DA:29,0
DA:32,0
DA:34,0
DA:38,0
DA:40,0
DA:41,0
DA:42,0
end_of_record
SF:../sysdeps/unix/sysv/linux/pthread_getname.c
DA:32,0
DA:33,0
DA:38,0
DA:39,0
DA:41,0
DA:42,0
DA:45,0
DA:46,0
DA:48,0
DA:49,0
DA:50,0
DA:52,0
DA:53,0
DA:54,0
DA:55,0
DA:58,0
DA:59,0
DA:60,0
DA:61,0
DA:63,0
DA:66,0
DA:68,0
DA:69,0
end_of_record
SF:../sysdeps/unix/sysv/linux/pthread_kill.c
DA:29,0
DA:30,0
DA:33,0
DA:40,0
DA:41,0
DA:43,0
DA:47,0
DA:48,0
DA:51,0
DA:53,0
DA:55,0
DA:56,0
DA:57,0
DA:58,0
end_of_record
SF:../sysdeps/unix/sysv/linux/pthread_setaffinity.c
DA:29,0
DA:30,0
DA:31,0
DA:32,0
DA:34,0
DA:38,0
DA:39,0
DA:42,0
DA:44,0
DA:45,0
DA:53,0
DA:55,0
end_of_record
SF:../sysdeps/unix/sysv/linux/pthread_setname.c
DA:32,0
DA:33,0
DA:38,0
DA:39,0
DA:40,0
DA:42,0
DA:43,0
DA:46,0
DA:47,0
DA:49,0
DA:50,0
DA:51,0
DA:54,0
DA:55,0
DA:56,0
DA:57,0
DA:58,0
DA:60,0
DA:62,0
DA:63,0
end_of_record
SF:../sysdeps/unix/sysv/linux/pthread_sigqueue.c
DA:30,0
DA:32,0
DA:35,0
DA:42,0
DA:43,0
DA:45,0
DA:49,0
DA:50,0
DA:52,0
DA:55,0
DA:56,0
DA:57,0
DA:58,0
DA:59,0
DA:60,0
DA:61,0
DA:64,0
DA:66,0
DA:68,0
DA:69,0
DA:73,0
end_of_record
SF:../sysdeps/unix/sysv/linux/pwrite64.c
DA:27,0
DA:28,0
DA:29,0
DA:30,0
end_of_record
SF:../sysdeps/unix/sysv/linux/raise.c
DA:28,0
DA:39,0
DA:40,0
DA:42,0
DA:43,0
DA:44,0
DA:46,0
DA:48,0
DA:50,0
DA:51,0
end_of_record
SF:../sysdeps/unix/sysv/linux/read.c
DA:24,1
DA:25,1
DA:26,1
DA:27,1
end_of_record
SF:../sysdeps/unix/sysv/linux/recv.c
DA:23,0
DA:24,0
DA:28,0
DA:32,0
end_of_record
SF:../sysdeps/unix/sysv/linux/recvfrom.c
DA:25,0
DA:27,0
DA:33,0
end_of_record
SF:../sysdeps/unix/sysv/linux/recvmsg.c
DA:25,0
DA:26,0
DA:28,0
DA:32,0
end_of_record
SF:../sysdeps/unix/sysv/linux/send.c
DA:23,0
DA:24,0
DA:28,0
DA:32,0
end_of_record
SF:../sysdeps/unix/sysv/linux/sendmsg.c
DA:25,0
DA:26,0
DA:28,0
DA:32,0
end_of_record
SF:../sysdeps/unix/sysv/linux/sendto.c
DA:25,0
DA:27,0
DA:33,0
end_of_record
SF:../sysdeps/unix/sysv/linux/shm-directory.c
DA:48,0
DA:49,0
DA:50,0
DA:51,0
DA:52,0
DA:53,0
DA:57,0
DA:61,0
DA:62,0
DA:64,0
DA:69,0
DA:70,0
DA:72,0
DA:73,0
DA:79,0
DA:82,0
DA:83,0
DA:87,0
DA:92,0
DA:96,0
DA:98,0
DA:102,0
DA:103,0
DA:105,0
DA:106,0
DA:107,0
DA:108,0
DA:109,0
DA:116,0
DA:117,0
DA:122,0
DA:124,0
DA:127,0
DA:129,0
DA:130,0
DA:133,0
DA:134,0
DA:135,0
DA:143,0
DA:144,0
DA:145,0
DA:146,0
end_of_record
SF:../sysdeps/unix/sysv/linux/sigaction.c
DA:43,0
DA:44,0
DA:46,0
DA:48,0
DA:50,0
DA:51,0
DA:52,0
DA:53,0
DA:58,0
DA:62,0
DA:64,0
DA:65,0
DA:66,0
DA:67,0
DA:69,0
DA:70,0
end_of_record
SF:../sysdeps/unix/sysv/linux/sigsuspend.c
DA:25,0
DA:26,0
DA:27,0
end_of_record
SF:../sysdeps/unix/sysv/linux/sigwait.c
DA:24,0
DA:25,0
DA:26,0
DA:27,0
DA:28,0
DA:31,0
DA:32,0
DA:34,0
DA:35,0
DA:36,0
end_of_record
SF:../sysdeps/unix/sysv/linux/tcdrain.c
DA:26,0
DA:28,0
DA:29,0
end_of_record
SF:../sysdeps/unix/sysv/linux/write.c
DA:24,0
DA:25,0
DA:26,0
DA:27,0
end_of_record
SF:../sysdeps/unix/sysv/linux/x86/elision-conf.c
DA:60,0
DA:65,0
DA:66,0
DA:74,0
DA:75,0
DA:76,0
DA:77,0
DA:78,0
DA:93,0
DA:94,0
DA:95,0
DA:96,0
DA:105,0
DA:110,0
DA:112,0
DA:114,0
DA:116,0
DA:118,0
DA:122,0
DA:123,0
DA:124,0
end_of_record
SF:../sysdeps/unix/sysv/linux/x86/elision-lock.c
DA:46,0
DA:53,0
DA:55,0
DA:56,0
DA:58,0
DA:59,0
DA:60,0
DA:62,0
DA:64,0
DA:65,0
DA:70,0
DA:73,0
DA:75,0
DA:76,0
DA:81,0
DA:82,0
DA:89,0
DA:90,0
DA:91,0
DA:101,0
DA:106,0
DA:107,0
end_of_record
SF:../sysdeps/unix/sysv/linux/x86/elision-trylock.c
DA:32,0
DA:37,0
DA:42,0
DA:44,0
DA:46,0
DA:48,0
DA:54,0
DA:57,0
DA:61,0
DA:62,0
DA:63,0
DA:70,0
DA:74,0
DA:75,0
end_of_record
SF:../sysdeps/unix/sysv/linux/x86/elision-unlock.c
DA:25,0
DA:28,0
DA:29,0
DA:31,0
DA:32,0
DA:33,0
end_of_record
SF:../sysdeps/unix/sysv/linux/x86_64/cancellation.S
DA:48,1
DA:49,1
DA:50,1
DA:51,1
DA:52,1
DA:54,1
DA:55,1
DA:56,1
DA:58,1
DA:59,1
DA:60,1
DA:62,1
DA:64,0
DA:66,0
DA:67,0
DA:68,0
DA:69,0
DA:70,0
DA:71,0
DA:77,1
DA:78,1
DA:80,1
DA:81,1
DA:82,1
DA:83,1
DA:84,1
DA:85,1
DA:87,1
DA:88,1
DA:89,1
DA:90,1
DA:91,1
DA:96,0
DA:97,0
DA:98,0
DA:99,0
DA:100,0
DA:101,0
DA:102,0
DA:103,0
end_of_record
SF:../sysdeps/x86/nptl/pt-longjmp.c
DA:58,0
DA:62,0
end_of_record
SF:../sysdeps/x86/nptl/tls-setup.h
DA:20,1
DA:22,1
end_of_record
SF:../sysdeps/x86_64/crti.S
DA:66,0
DA:74,0
DA:84,1
end_of_record
SF:../sysdeps/x86_64/crtn.S
DA:40,0
DA:41,0
DA:44,1
DA:45,1
end_of_record
SF:../sysdeps/x86_64/jmpbuf-unwind.h
DA:36,0
DA:38,0
DA:40,0
DA:42,0
end_of_record
SF:../sysdeps/x86_64/nptl/pthread_spin_lock.S
DA:22,0
DA:23,0
DA:24,0
DA:25,0
DA:26,0
DA:29,0
DA:30,0
DA:31,0
DA:32,0
DA:33,0
end_of_record
SF:../sysdeps/x86_64/nptl/pthread_spin_trylock.S
DA:30,0
DA:31,0
DA:32,0
DA:33,0
DA:34,0
DA:35,0
DA:36,0
end_of_record
SF:../sysdeps/x86_64/nptl/pthread_spin_unlock.S
DA:22,0
DA:23,0
DA:24,0
end_of_record
SF:./nptl/allocatestack.c
DA:134,1
DA:136,1
DA:138,1
DA:140,1
DA:142,1
DA:144,1
DA:149,1
DA:151,1
DA:153,1
DA:155,1
DA:157,1
DA:159,1
DA:170,1
DA:172,1
DA:173,1
DA:174,1
DA:176,1
DA:184,1
DA:186,1
DA:188,1
DA:189,1
DA:191,1
DA:193,1
DA:197,0
DA:199,0
DA:203,0
DA:206,1
DA:209,1
DA:215,1
DA:218,1
DA:221,1
DA:224,1
DA:227,1
DA:230,1
DA:231,1
DA:234,1
DA:235,1
DA:238,1
DA:241,1
DA:242,1
DA:243,1
DA:244,1
DA:247,1
DA:249,1
DA:256,1
DA:259,1
DA:260,1
DA:263,1
DA:265,1
DA:267,1
DA:268,1
DA:271,1
DA:274,1
DA:277,1
DA:281,1
DA:282,0
DA:285,1
DA:289,1
DA:294,0
DA:295,0
DA:302,1
DA:307,1
DA:309,1
DA:310,1
DA:311,1
DA:316,0
DA:328,1
DA:329,0
DA:336,0
DA:337,0
DA:351,1
DA:360,1
DA:363,1
DA:367,1
DA:368,0
DA:383,1
DA:385,1
DA:386,1
DA:388,1
DA:389,1
DA:390,1
DA:391,1
DA:411,1
DA:414,1
DA:415,1
DA:416,1
DA:418,1
DA:419,1
DA:423,1
DA:427,0
DA:428,0
DA:429,0
DA:433,1
DA:435,0
DA:436,0
DA:441,0
DA:446,0
DA:447,0
DA:452,0
DA:454,0
DA:466,0
DA:467,0
DA:475,0
DA:478,0
DA:481,0
DA:482,0
DA:486,0
DA:489,0
DA:491,0
DA:499,0
DA:502,0
DA:505,0
DA:511,0
DA:514,0
DA:516,0
DA:521,1
DA:522,1
DA:523,1
DA:524,1
DA:525,1
DA:528,1
DA:529,1
DA:533,1
DA:534,1
DA:537,1
DA:538,1
DA:539,1
DA:540,1
DA:546,1
DA:547,1
DA:548,1
DA:555,1
DA:556,1
DA:562,1
DA:565,1
DA:570,1
DA:574,1
DA:575,1
DA:576,1
DA:585,1
DA:587,1
DA:589,1
DA:591,0
DA:592,0
DA:597,1
DA:598,1
DA:601,1
DA:606,1
DA:609,1
DA:611,1
DA:619,1
DA:622,1
DA:625,0
DA:628,0
DA:630,0
DA:635,1
DA:638,1
DA:640,1
DA:647,1
DA:650,0
DA:655,0
DA:658,0
DA:660,0
DA:674,1
DA:676,0
DA:678,0
DA:681,0
DA:684,0
DA:686,0
DA:689,0
DA:696,0
DA:698,0
DA:701,0
DA:703,1
DA:721,0
DA:736,0
DA:741,1
DA:746,1
DA:751,1
DA:754,1
DA:756,1
DA:758,1
DA:761,1
DA:764,1
DA:768,1
DA:777,1
DA:783,1
DA:789,1
DA:790,1
DA:794,1
DA:800,1
DA:801,1
DA:804,0
DA:806,1
DA:807,1
DA:812,0
DA:814,0
DA:815,0
DA:822,0
DA:824,0
DA:825,0
DA:827,0
DA:832,0
DA:839,0
DA:840,0
DA:842,0
DA:847,0
DA:851,0
DA:854,0
DA:863,0
DA:864,0
DA:870,0
DA:872,0
DA:873,0
DA:875,0
DA:880,0
DA:882,0
DA:883,0
DA:884,0
DA:887,0
DA:889,0
DA:890,0
DA:891,0
DA:892,0
DA:898,0
DA:899,0
DA:904,0
DA:905,0
DA:907,0
DA:908,0
DA:911,0
DA:914,0
DA:916,0
DA:919,0
DA:922,0
DA:924,0
DA:925,0
DA:927,0
DA:932,0
DA:939,0
DA:944,0
DA:947,0
DA:948,0
DA:950,0
DA:951,0
DA:953,0
DA:956,0
DA:958,0
DA:961,0
DA:962,0
DA:967,0
DA:969,0
DA:972,0
DA:973,0
DA:974,0
DA:975,0
DA:976,0
DA:979,0
DA:981,0
DA:983,0
DA:986,0
DA:990,0
DA:992,0
DA:993,0
DA:998,0
DA:1000,0
DA:1004,0
DA:1006,0
DA:1008,0
DA:1010,0
DA:1011,0
DA:1014,0
DA:1018,0
DA:1019,0
DA:1024,0
DA:1026,0
DA:1029,0
DA:1030,0
DA:1031,0
DA:1032,0
DA:1035,0
DA:1037,0
DA:1038,0
DA:1050,0
DA:1051,0
DA:1052,0
DA:1054,0
DA:1055,0
DA:1057,0
DA:1062,0
DA:1063,0
DA:1066,0
DA:1067,0
DA:1072,0
DA:1073,0
DA:1074,0
DA:1075,0
DA:1077,0
DA:1078,0
DA:1079,0
DA:1081,0
DA:1084,0
DA:1085,0
DA:1087,0
DA:1088,0
DA:1091,0
DA:1095,0
DA:1097,0
DA:1098,0
DA:1101,0
DA:1107,0
DA:1109,0
DA:1111,0
DA:1113,0
DA:1114,0
DA:1117,0
DA:1120,0
DA:1122,0
DA:1123,0
DA:1126,0
DA:1129,0
DA:1130,0
DA:1132,0
DA:1137,0
DA:1141,0
DA:1143,0
DA:1144,0
DA:1147,0
DA:1150,0
DA:1152,0
DA:1153,0
DA:1156,0
DA:1161,0
DA:1162,0
DA:1164,0
DA:1165,0
DA:1167,0
DA:1168,0
DA:1169,0
DA:1171,0
DA:1173,0
DA:1174,0
DA:1175,0
DA:1178,0
DA:1181,0
DA:1189,0
DA:1190,0
DA:1196,0
DA:1197,0
DA:1200,0
DA:1201,0
DA:1202,0
DA:1205,0
DA:1206,0
DA:1208,0
DA:1209,0
DA:1215,0
DA:1216,0
DA:1218,0
DA:1221,0
DA:1222,0
DA:1224,0
DA:1225,0
DA:1228,0
DA:1233,0
DA:1238,0
DA:1239,0
DA:1241,0
DA:1245,0
DA:1247,0
DA:1248,0
DA:1251,0
DA:1256,0
DA:1261,0
DA:1262,0
DA:1264,0
DA:1267,0
DA:1268,0
end_of_record
SF:./nptl/call_once.c
DA:25,0
DA:26,0
DA:28,0
DA:30,0
end_of_record
SF:./nptl/cleanup.c
DA:26,0
DA:27,0
DA:28,0
DA:31,0
DA:32,0
DA:35,0
DA:36,0
DA:43,0
DA:44,0
DA:46,0
DA:47,0
end_of_record
SF:./nptl/cleanup_compat.c
DA:26,1
DA:27,1
DA:29,1
DA:30,1
DA:31,1
DA:33,1
DA:34,1
DA:39,0
DA:40,1
DA:41,1
DA:43,1
DA:47,1
DA:48,1
DA:49,1
end_of_record
SF:./nptl/cleanup_defer.c
DA:26,0
DA:27,0
DA:28,0
DA:31,0
DA:32,0
DA:34,0
DA:37,0
DA:38,0
DA:40,0
DA:44,0
DA:52,0
DA:54,0
DA:57,0
DA:58,0
DA:64,0
DA:65,0
DA:66,0
DA:68,0
DA:70,0
DA:71,0
DA:72,0
DA:75,0
DA:77,0
DA:81,0
DA:89,0
end_of_record
SF:./nptl/cleanup_defer_compat.c
DA:25,1
DA:26,1
DA:28,1
DA:29,1
DA:30,1
DA:32,1
DA:35,1
DA:36,0
DA:38,1
DA:42,0
DA:50,1
DA:52,1
DA:54,1
DA:55,1
DA:62,1
DA:63,1
DA:65,1
DA:67,1
DA:68,1
DA:69,0
DA:72,0
DA:74,0
DA:78,0
DA:86,1
DA:91,1
DA:92,1
end_of_record
SF:./nptl/cleanup_routine.c
DA:24,0
DA:25,0
DA:26,0
DA:27,0
end_of_record
SF:./nptl/cnd_broadcast.c
DA:23,0
DA:24,0
DA:25,0
DA:26,0
end_of_record
SF:./nptl/cnd_destroy.c
DA:24,0
DA:25,0
end_of_record
SF:./nptl/cnd_init.c
DA:25,0
DA:26,0
DA:28,0
DA:31,0
DA:32,0
DA:33,0
end_of_record
SF:./nptl/cnd_signal.c
DA:23,0
DA:24,0
DA:25,0
DA:26,0
end_of_record
SF:./nptl/cnd_timedwait.c
DA:24,0
DA:25,0
DA:28,0
DA:29,0
end_of_record
SF:./nptl/cnd_wait.c
DA:23,0
DA:24,0
DA:26,0
DA:27,0
end_of_record
SF:./nptl/events.c
DA:25,0
DA:26,0
end_of_record
SF:./nptl/herrno.c
DA:32,0
DA:33,0
DA:34,0
end_of_record
SF:./nptl/libpthread-compat.c
DA:27,0
DA:28,0
end_of_record
SF:./nptl/lll_timedlock_wait.c
DA:30,0
DA:31,0
DA:33,0
DA:36,0
DA:37,0
DA:40,0
DA:44,0
DA:45,0
DA:46,0
DA:48,0
DA:49,0
DA:52,0
DA:53,0
DA:59,0
DA:61,0
DA:62,0
end_of_record
SF:./nptl/lowlevellock.c
DA:27,0
DA:28,0
DA:31,0
DA:34,0
DA:35,0
DA:37,0
DA:44,1
DA:45,1
DA:48,1
DA:51,1
DA:52,1
DA:54,1
end_of_record
SF:./nptl/mtx_destroy.c
DA:24,0
DA:25,0
end_of_record
SF:./nptl/mtx_init.c
DA:25,0
DA:26,0
DA:28,0
DA:31,0
DA:33,0
DA:37,0
DA:41,0
DA:42,0
DA:46,0
DA:47,0
DA:50,0
DA:52,0
DA:53,0
end_of_record
SF:./nptl/mtx_lock.c
DA:23,0
DA:24,0
DA:25,0
DA:26,0
end_of_record
SF:./nptl/mtx_timedlock.c
DA:24,0
DA:25,0
DA:27,0
DA:28,0
end_of_record
SF:./nptl/mtx_trylock.c
DA:23,0
DA:24,0
DA:25,0
DA:26,0
end_of_record
SF:./nptl/mtx_unlock.c
DA:23,0
DA:24,0
DA:25,0
DA:26,0
end_of_record
SF:./nptl/nptl-init.c
DA:131,0
DA:133,0
DA:134,0
DA:137,0
DA:142,0
DA:143,0
DA:148,0
DA:149,0
DA:150,0
DA:153,0
DA:155,0
DA:156,0
DA:161,0
DA:163,0
DA:167,0
DA:169,0
DA:172,0
DA:175,0
DA:177,0
DA:184,0
DA:193,0
DA:194,0
DA:195,0
DA:201,0
DA:202,0
DA:203,0
DA:206,0
DA:207,0
DA:209,0
DA:210,0
DA:211,0
DA:212,0
DA:215,0
DA:216,0
DA:217,0
DA:219,0
DA:220,0
DA:223,0
DA:226,0
DA:227,0
DA:229,0
DA:230,0
DA:231,0
DA:244,0
DA:246,0
DA:247,0
DA:248,0
DA:249,0
DA:254,0
DA:256,0
DA:258,0
DA:261,0
DA:262,0
DA:264,0
DA:266,0
DA:272,0
DA:275,0
DA:276,0
DA:280,0
DA:282,0
DA:283,0
DA:288,0
DA:289,0
DA:290,0
DA:293,0
DA:294,0
DA:295,0
DA:300,0
DA:301,0
DA:303,0
DA:304,0
DA:310,0
DA:311,0
DA:314,0
DA:315,0
DA:316,0
DA:318,0
DA:322,0
DA:323,0
DA:324,0
DA:328,0
DA:335,0
DA:336,0
DA:337,0
DA:341,0
DA:342,0
DA:343,0
DA:344,0
DA:345,0
DA:350,0
DA:351,0
DA:352,0
DA:353,0
DA:354,0
DA:355,0
DA:357,0
DA:360,0
DA:362,0
DA:366,0
DA:368,0
DA:372,0
DA:375,0
DA:377,0
DA:392,0
DA:393,0
DA:394,0
end_of_record
SF:./nptl/nptlfreeres.c
DA:27,0
DA:28,0
DA:29,0
DA:30,0
DA:31,0
end_of_record
SF:./nptl/old_pthread_cond_broadcast.c
DA:29,0
DA:30,0
DA:32,0
DA:34,0
DA:35,0
DA:38,0
DA:40,0
DA:43,0
DA:44,0
end_of_record
SF:./nptl/old_pthread_cond_destroy.c
DA:27,0
DA:29,0
DA:31,0
DA:32,0
end_of_record
SF:./nptl/old_pthread_cond_init.c
DA:28,0
DA:29,0
DA:34,0
DA:38,0
DA:39,0
DA:41,0
DA:42,0
end_of_record
SF:./nptl/old_pthread_cond_signal.c
DA:29,0
DA:30,0
DA:32,0
DA:34,0
DA:35,0
DA:38,0
DA:40,0
DA:43,0
DA:44,0
end_of_record
SF:./nptl/old_pthread_cond_timedwait.c
DA:30,0
DA:31,0
DA:33,0
DA:35,0
DA:36,0
DA:39,0
DA:41,0
DA:44,0
DA:45,0
end_of_record
SF:./nptl/old_pthread_cond_wait.c
DA:29,0
DA:30,0
DA:32,0
DA:34,0
DA:35,0
DA:38,0
DA:40,0
DA:43,0
DA:44,0
end_of_record
SF:./nptl/pt-allocrtsig.c
DA:34,0
DA:35,0
DA:41,0
DA:42,0
DA:48,0
DA:49,0
end_of_record
SF:./nptl/pt-cleanup.c
DA:26,0
DA:27,0
DA:28,0
DA:33,0
DA:34,0
DA:36,0
DA:37,0
DA:38,0
DA:41,0
DA:57,0
DA:60,0
DA:61,0
end_of_record
SF:./nptl/pt-fork.c
DA:39,0
DA:40,0
end_of_record
SF:./nptl/pt-system.c
DA:39,0
DA:40,0
end_of_record
SF:./nptl/pthreadP.h
DA:302,0
DA:304,0
DA:307,0
DA:309,1
DA:310,0
DA:574,0
DA:576,0
DA:577,0
DA:579,0
DA:599,0
DA:601,0
DA:602,0
DA:604,0
end_of_record
SF:./nptl/pthread_atfork.c
DA:50,0
DA:51,0
end_of_record
SF:./nptl/pthread_attr_getaffinity.c
DA:31,0
DA:32,0
DA:34,0
DA:36,0
DA:40,0
DA:41,0
DA:42,0
DA:48,0
DA:49,0
DA:50,0
DA:51,0
DA:55,0
DA:57,0
DA:58,0
DA:66,0
DA:68,0
end_of_record
SF:./nptl/pthread_attr_getguardsize.c
DA:24,0
DA:25,0
DA:27,0
DA:29,0
DA:31,0
DA:32,0
end_of_record
SF:./nptl/pthread_attr_getschedpolicy.c
DA:24,0
DA:25,0
DA:27,0
DA:30,0
DA:32,0
DA:33,0
end_of_record
SF:./nptl/pthread_attr_getscope.c
DA:24,0
DA:25,0
DA:27,0
DA:30,0
DA:31,0
DA:33,0
DA:34,0
end_of_record
SF:./nptl/pthread_attr_getstack.c
DA:25,0
DA:26,0
DA:28,0
DA:32,0
DA:36,0
DA:38,0
DA:39,0
end_of_record
SF:./nptl/pthread_attr_getstackaddr.c
DA:25,0
DA:26,0
DA:28,0
DA:33,0
DA:35,0
DA:36,0
end_of_record
SF:./nptl/pthread_attr_getstacksize.c
DA:24,0
DA:25,0
DA:27,0
DA:29,0
DA:33,0
DA:35,0
DA:36,0
DA:37,0
DA:39,0
DA:41,0
DA:42,0
end_of_record
SF:./nptl/pthread_attr_setaffinity.c
DA:28,0
DA:30,0
DA:31,0
DA:33,0
DA:35,0
DA:37,0
DA:38,0
DA:39,0
DA:43,0
DA:45,0
DA:46,0
DA:47,0
DA:49,0
DA:50,0
DA:53,0
DA:56,0
DA:57,0
DA:65,0
DA:67,0
end_of_record
SF:./nptl/pthread_attr_setguardsize.c
DA:24,0
DA:25,0
DA:27,0
DA:32,0
DA:34,0
DA:35,0
end_of_record
SF:./nptl/pthread_attr_setschedpolicy.c
DA:25,0
DA:26,0
DA:28,0
DA:31,0
DA:32,0
DA:36,0
DA:39,0
DA:41,0
DA:42,0
end_of_record
SF:./nptl/pthread_attr_setscope.c
DA:25,0
DA:26,0
DA:28,0
DA:31,0
DA:34,0
DA:35,0
DA:38,0
DA:44,0
DA:45,0
end_of_record
SF:./nptl/pthread_attr_setstack.c
DA:30,0
DA:32,0
DA:33,0
DA:35,0
DA:38,0
DA:39,0
DA:46,0
DA:48,0
DA:52,0
DA:54,0
DA:55,0
end_of_record
SF:./nptl/pthread_attr_setstackaddr.c
DA:25,0
DA:26,0
DA:32,0
DA:34,0
DA:35,0
DA:37,0
DA:38,0
end_of_record
SF:./nptl/pthread_attr_setstacksize.c
DA:30,0
DA:31,0
DA:33,0
DA:36,0
DA:37,0
DA:40,0
DA:42,0
DA:43,0
end_of_record
SF:./nptl/pthread_barrier_destroy.c
DA:27,0
DA:28,0
DA:38,0
DA:39,0
DA:40,0
DA:43,0
DA:45,0
DA:49,0
DA:51,0
DA:52,0
DA:58,0
DA:60,0
DA:61,0
end_of_record
SF:./nptl/pthread_barrier_init.c
DA:34,0
DA:35,0
DA:36,0
DA:39,0
DA:44,0
DA:45,0
DA:47,0
DA:50,0
DA:52,0
DA:55,0
DA:56,0
DA:57,0
DA:58,0
DA:59,0
DA:60,0
DA:62,0
DA:63,0
end_of_record
SF:./nptl/pthread_barrier_wait.c
DA:96,0
DA:97,0
DA:100,0
DA:110,0
DA:113,0
DA:116,0
DA:117,0
DA:119,0
DA:124,0
DA:126,0
DA:130,0
DA:142,0
DA:147,0
DA:151,0
DA:156,0
DA:160,0
DA:167,0
DA:173,0
DA:181,0
DA:184,0
DA:186,0
DA:192,0
DA:195,0
DA:199,0
DA:200,0
DA:208,0
DA:209,0
DA:210,0
DA:214,0
DA:215,0
DA:216,0
DA:221,0
DA:222,0
end_of_record
SF:./nptl/pthread_barrierattr_destroy.c
DA:24,0
DA:27,0
DA:28,0
end_of_record
SF:./nptl/pthread_barrierattr_getpshared.c
DA:25,0
DA:26,0
DA:28,0
DA:29,0
end_of_record
SF:./nptl/pthread_barrierattr_init.c
DA:24,0
DA:25,0
DA:26,0
DA:29,0
DA:31,0
DA:32,0
end_of_record
SF:./nptl/pthread_barrierattr_setpshared.c
DA:26,0
DA:27,0
DA:31,0
DA:33,0
DA:34,0
end_of_record
SF:./nptl/pthread_cancel.c
DA:29,0
DA:30,0
DA:33,0
DA:35,0
DA:38,0
DA:40,0
DA:41,0
DA:42,0
DA:43,0
DA:46,0
DA:47,0
DA:52,0
DA:58,0
DA:61,0
DA:68,0
DA:70,0
DA:71,0
DA:73,0
DA:74,0
DA:83,0
DA:85,0
DA:90,0
DA:94,0
end_of_record
SF:./nptl/pthread_clockjoin.c
DA:25,0
DA:26,0
end_of_record
SF:./nptl/pthread_cond_broadcast.c
DA:40,1
DA:41,1
DA:43,1
DA:44,1
DA:46,1
DA:48,1
DA:50,1
DA:51,1
DA:52,1
DA:53,1
DA:54,1
DA:57,1
DA:60,0
DA:62,0
DA:68,0
DA:73,1
DA:76,1
DA:78,1
DA:80,1
DA:83,1
DA:85,0
DA:86,1
DA:89,1
end_of_record
SF:./nptl/pthread_cond_common.c
DA:29,1
DA:31,1
DA:35,1
DA:37,1
DA:41,1
DA:43,1
DA:47,1
DA:49,1
DA:53,1
DA:55,1
DA:254,1
DA:256,1
DA:257,1
DA:259,1
DA:267,0
DA:269,0
DA:271,0
DA:274,0
DA:280,0
DA:281,0
DA:283,0
DA:289,1
DA:290,0
DA:291,1
DA:292,1
DA:294,0
DA:299,1
DA:301,1
DA:306,1
DA:313,1
DA:314,1
DA:315,1
DA:316,1
DA:317,1
DA:318,1
DA:324,1
DA:326,1
DA:329,1
DA:341,1
DA:344,1
DA:345,1
DA:352,1
DA:353,1
DA:354,1
DA:355,1
DA:381,1
DA:396,1
DA:397,1
DA:399,0
DA:404,0
DA:413,0
DA:415,0
DA:416,0
DA:419,0
DA:425,1
DA:434,1
DA:435,1
DA:442,1
DA:450,1
DA:451,1
DA:452,1
DA:456,1
DA:457,1
DA:460,1
DA:465,1
end_of_record
SF:./nptl/pthread_cond_destroy.c
DA:43,1
DA:44,1
DA:50,1
DA:51,1
DA:52,1
DA:54,0
DA:56,0
DA:60,1
end_of_record
SF:./nptl/pthread_cond_init.c
DA:28,1
DA:29,1
DA:31,1
DA:33,1
DA:39,1
DA:40,0
DA:41,0
DA:45,0
DA:46,0
DA:51,1
end_of_record
SF:./nptl/pthread_cond_signal.c
DA:36,1
DA:37,1
DA:42,1
DA:43,1
DA:45,1
DA:47,1
DA:67,1
DA:68,1
DA:69,1
DA:70,1
DA:77,1
DA:85,1
DA:86,1
DA:88,1
DA:91,1
DA:93,0
DA:94,1
DA:97,1
end_of_record
SF:./nptl/pthread_cond_wait.c
DA:49,1
DA:54,1
DA:55,0
DA:81,0
DA:82,0
DA:86,0
DA:88,0
DA:89,0
DA:97,0
DA:102,0
DA:111,0
DA:112,0
DA:120,0
DA:130,0
DA:135,0
DA:137,0
DA:143,0
DA:145,0
DA:150,1
DA:153,1
DA:159,0
DA:160,0
DA:169,0
DA:170,0
DA:172,0
DA:173,0
DA:175,0
DA:177,0
DA:184,0
DA:186,0
DA:190,0
DA:191,0
DA:380,1
DA:384,1
DA:385,1
DA:386,1
DA:388,1
DA:403,1
DA:406,1
DA:407,1
DA:411,1
DA:412,1
DA:421,1
DA:422,1
DA:424,0
DA:425,0
DA:426,0
DA:434,1
DA:436,1
DA:438,1
DA:450,1
DA:451,1
DA:467,1
DA:471,1
DA:486,1
DA:487,1
DA:488,1
DA:492,0
DA:493,0
DA:497,1
DA:498,1
DA:499,1
DA:500,1
DA:501,1
DA:502,1
DA:503,1
DA:505,1
DA:508,1
DA:516,0
DA:520,0
DA:526,1
DA:528,1
DA:530,0
DA:536,0
DA:537,0
DA:538,0
DA:541,1
DA:544,1
DA:552,1
DA:559,1
DA:560,1
DA:578,0
DA:591,0
DA:592,0
DA:598,0
DA:599,0
DA:610,0
DA:623,1
DA:627,1
DA:629,0
DA:636,1
DA:638,1
DA:639,1
DA:645,0
DA:648,0
DA:649,0
DA:653,0
DA:654,0
DA:655,0
DA:656,0
DA:657,0
DA:665,0
DA:668,0
DA:671,0
DA:672,0
DA:674,0
DA:677,0
DA:678,0
end_of_record
SF:./nptl/pthread_condattr_destroy.c
DA:24,0
DA:26,0
DA:27,0
end_of_record
SF:./nptl/pthread_condattr_getclock.c
DA:24,0
DA:25,0
DA:26,0
DA:27,0
DA:28,0
end_of_record
SF:./nptl/pthread_condattr_getpshared.c
DA:24,0
DA:25,0
DA:26,0
DA:28,0
DA:29,0
end_of_record
SF:./nptl/pthread_condattr_init.c
DA:25,0
DA:26,0
DA:27,0
DA:30,0
DA:32,0
DA:34,0
DA:35,0
end_of_record
SF:./nptl/pthread_condattr_setclock.c
DA:29,0
DA:31,0
DA:34,0
DA:37,0
DA:39,0
DA:41,0
DA:42,0
DA:44,0
DA:45,0
end_of_record
SF:./nptl/pthread_condattr_setpshared.c
DA:25,0
DA:26,0
DA:30,0
DA:32,0
DA:34,0
DA:35,0
end_of_record
SF:./nptl/pthread_create.c
DA:210,0
DA:211,0
DA:212,0
DA:214,0
DA:216,0
DA:218,0
DA:220,0
DA:221,0
DA:228,0
DA:229,0
DA:231,0
DA:233,0
DA:234,0
DA:241,0
DA:243,0
DA:244,0
DA:251,1
DA:252,1
DA:256,1
DA:262,0
DA:264,0
DA:267,0
DA:269,0
DA:271,0
DA:273,0
DA:275,0
DA:279,0
DA:280,0
DA:282,0
DA:284,0
DA:287,0
DA:295,0
DA:299,0
DA:301,0
DA:309,0
DA:314,0
DA:317,0
DA:322,0
DA:324,0
DA:326,0
DA:327,0
DA:331,0
DA:332,0
DA:336,0
DA:338,1
DA:345,1
DA:347,1
DA:351,1
DA:357,1
DA:359,0
DA:361,0
DA:362,0
DA:368,1
DA:370,1
DA:379,1
DA:380,1
DA:383,1
DA:386,1
DA:389,1
DA:390,0
DA:397,1
DA:400,1
DA:408,1
DA:412,0
DA:413,0
DA:414,0
DA:423,1
DA:436,1
DA:437,1
DA:439,1
DA:442,1
DA:448,1
DA:450,0
DA:453,0
DA:458,0
DA:460,1
DA:463,1
DA:466,1
DA:467,1
DA:473,1
DA:474,1
DA:477,1
DA:478,1
DA:485,1
DA:488,1
DA:491,1
DA:496,1
DA:498,0
DA:501,1
DA:504,0
DA:505,0
DA:507,0
DA:508,0
DA:512,0
DA:514,0
DA:515,0
DA:517,0
DA:518,0
DA:519,0
DA:525,0
DA:532,1
DA:567,1
DA:571,1
DA:573,0
DA:574,1
DA:578,0
DA:583,0
DA:584,0
DA:587,0
DA:606,1
DA:608,1
DA:612,0
DA:613,0
DA:615,0
DA:616,0
DA:625,1
DA:626,1
DA:628,1
DA:629,1
DA:630,1
DA:631,1
DA:632,1
DA:634,1
DA:635,1
DA:636,1
DA:637,1
DA:639,0
DA:640,0
DA:641,0
DA:644,0
DA:645,0
DA:647,0
DA:648,0
DA:650,0
DA:652,0
DA:653,0
DA:655,1
DA:656,1
DA:659,1
DA:660,1
DA:661,1
DA:663,1
DA:668,0
DA:679,1
DA:682,1
DA:688,1
DA:689,1
DA:690,1
DA:693,1
DA:694,1
DA:695,1
DA:700,1
DA:703,1
DA:708,1
DA:709,1
DA:713,1
DA:718,1
DA:722,1
DA:731,1
DA:734,1
DA:735,0
DA:738,0
DA:740,0
DA:741,0
DA:743,0
DA:746,0
DA:747,0
DA:750,0
DA:752,0
DA:755,1
DA:756,1
DA:759,1
DA:761,1
DA:771,1
DA:776,1
DA:779,1
DA:781,0
DA:785,0
DA:787,0
DA:794,0
DA:795,0
DA:801,0
DA:802,0
DA:805,0
DA:806,0
DA:807,0
DA:809,0
DA:813,0
DA:817,1
DA:820,1
DA:822,0
DA:829,0
DA:836,0
DA:840,0
DA:842,0
DA:845,0
DA:849,0
DA:857,1
DA:862,1
DA:867,1
DA:871,1
DA:872,0
DA:875,1
end_of_record
SF:./nptl/pthread_detach.c
DA:26,0
DA:27,0
DA:30,0
DA:32,0
DA:34,0
DA:37,0
DA:43,0
DA:44,0
DA:49,0
DA:52,0
DA:55,0
end_of_record
SF:./nptl/pthread_exit.c
DA:25,0
DA:26,0
DA:28,0
end_of_record
SF:./nptl/pthread_getattr_default_np.c
DA:25,0
DA:26,0
DA:28,0
DA:30,0
DA:31,0
DA:32,0
DA:34,0
DA:35,0
end_of_record
SF:./nptl/pthread_getattr_np.c
DA:34,0
DA:35,0
DA:36,0
DA:37,0
DA:39,0
DA:43,0
DA:45,0
DA:48,0
DA:51,0
DA:52,0
DA:55,0
DA:58,0
DA:62,0
DA:64,0
DA:65,0
DA:76,0
DA:81,0
DA:82,0
DA:83,0
DA:87,0
DA:88,0
DA:98,0
DA:99,0
DA:101,0
DA:104,0
DA:108,0
DA:110,0
DA:111,0
DA:113,0
DA:116,0
DA:118,0
DA:121,0
DA:122,0
DA:123,0
DA:125,0
DA:126,0
DA:129,0
DA:130,0
DA:131,0
DA:136,0
DA:137,0
DA:140,0
DA:141,0
DA:154,0
DA:158,0
DA:161,0
DA:165,0
DA:167,0
DA:172,0
DA:174,0
DA:176,0
DA:177,0
DA:179,0
DA:182,0
DA:184,0
DA:187,0
DA:189,0
DA:191,0
DA:192,0
DA:196,0
DA:197,0
DA:200,0
DA:201,0
DA:202,0
DA:207,0
DA:209,0
DA:210,0
end_of_record
SF:./nptl/pthread_getconcurrency.c
DA:24,0
DA:25,0
DA:26,0
end_of_record
SF:./nptl/pthread_getschedparam.c
DA:28,0
DA:29,0
DA:32,0
DA:34,0
DA:36,0
DA:39,0
DA:46,0
DA:48,0
DA:51,0
DA:54,0
DA:56,0
DA:57,0
DA:60,0
DA:63,0
DA:65,0
DA:66,0
DA:69,0
DA:72,0
end_of_record
SF:./nptl/pthread_getspecific.c
DA:25,0
DA:26,0
DA:30,0
DA:31,0
DA:35,0
DA:37,0
DA:39,0
DA:40,0
DA:45,0
DA:47,0
DA:52,0
DA:55,0
DA:56,0
DA:58,0
DA:60,0
DA:61,0
DA:65,0
end_of_record
SF:./nptl/pthread_join.c
DA:23,1
DA:24,1
end_of_record
SF:./nptl/pthread_join_common.c
DA:26,0
DA:30,0
DA:31,0
DA:32,0
DA:40,0
DA:42,0
DA:44,0
DA:45,0
DA:48,0
DA:50,0
DA:54,0
DA:55,0
DA:58,0
DA:59,0
DA:60,0
DA:62,0
DA:63,0
DA:67,0
DA:68,0
DA:73,0
DA:85,1
DA:86,1
DA:89,1
DA:91,0
DA:94,1
DA:96,0
DA:98,1
DA:99,1
DA:101,1
DA:103,1
DA:104,1
DA:105,0
DA:108,0
DA:116,0
DA:120,1
DA:130,1
DA:135,1
DA:137,1
DA:138,1
DA:144,1
DA:145,1
DA:148,1
DA:151,1
DA:152,1
DA:155,1
DA:158,1
DA:159,0
DA:162,1
DA:165,0
DA:170,1
end_of_record
SF:./nptl/pthread_key_create.c
DA:26,0
DA:28,0
DA:30,0
DA:32,0
DA:34,0
DA:38,0
DA:41,0
DA:44,0
DA:48,0
DA:49,0
end_of_record
SF:./nptl/pthread_key_delete.c
DA:26,0
DA:27,0
DA:29,0
DA:31,0
DA:33,0
DA:34,0
DA:37,0
DA:40,0
DA:41,0
end_of_record
SF:./nptl/pthread_kill_other_threads.c
DA:32,0
DA:33,0
end_of_record
SF:./nptl/pthread_mutex_conf.c
DA:36,0
DA:37,0
DA:38,0
DA:42,0
DA:43,0
DA:45,0
end_of_record
SF:./nptl/pthread_mutex_consistent.c
DA:25,0
DA:29,0
DA:31,0
DA:32,0
DA:34,0
DA:36,0
DA:37,0
end_of_record
SF:./nptl/pthread_mutex_destroy.c
DA:27,1
DA:28,1
DA:32,1
DA:34,1
DA:35,1
DA:40,1
DA:42,1
DA:43,1
end_of_record
SF:./nptl/pthread_mutex_getprioceiling.c
DA:26,0
DA:29,0
DA:31,0
DA:33,0
DA:34,0
DA:36,0
DA:37,0
end_of_record
SF:./nptl/pthread_mutex_init.c
DA:39,0
DA:41,0
DA:42,0
DA:44,0
DA:45,0
DA:47,0
DA:53,1
DA:54,1
DA:56,1
DA:60,1
DA:62,1
DA:64,1
DA:65,1
DA:68,0
DA:77,0
DA:78,0
DA:83,0
DA:89,1
DA:92,1
DA:94,1
DA:102,0
DA:105,1
DA:108,0
DA:109,0
DA:112,0
DA:114,0
DA:116,0
DA:117,0
DA:120,0
DA:121,0
DA:122,0
DA:123,0
DA:125,0
DA:126,0
DA:134,1
DA:136,0
DA:140,1
DA:149,1
DA:151,1
DA:152,1
end_of_record
SF:./nptl/pthread_mutex_setprioceiling.c
DA:29,0
DA:32,0
DA:34,0
DA:37,0
DA:38,0
DA:39,0
DA:41,0
DA:43,0
DA:45,0
DA:52,0
DA:53,0
DA:54,0
DA:56,0
DA:57,0
DA:59,0
DA:60,0
DA:63,0
DA:64,0
DA:65,0
DA:69,0
DA:71,0
DA:73,0
DA:76,0
DA:78,0
DA:79,0
DA:83,0
DA:86,0
DA:87,0
DA:90,0
DA:92,0
DA:97,0
DA:99,0
DA:100,0
DA:101,0
DA:103,0
DA:104,0
DA:108,0
DA:109,0
DA:111,0
DA:112,0
DA:113,0
DA:114,0
DA:115,0
DA:116,0
DA:118,0
DA:121,0
DA:122,0
end_of_record
SF:./nptl/pthread_mutex_unlock.c
DA:38,1
DA:41,1
DA:42,1
DA:45,0
DA:47,1
DA:52,1
DA:53,1
DA:55,1
DA:58,1
DA:64,1
DA:67,0
DA:70,1
DA:74,1
DA:75,0
DA:77,1
DA:82,0
DA:88,0
DA:89,0
DA:90,0
DA:94,1
DA:99,0
DA:100,0
DA:101,0
DA:103,0
DA:107,0
DA:108,0
DA:109,0
DA:112,0
DA:114,0
DA:119,0
DA:120,0
DA:122,0
DA:131,0
DA:132,0
DA:133,0
DA:139,0
DA:142,0
DA:146,0
DA:150,0
DA:151,0
DA:153,0
DA:154,0
DA:156,0
DA:162,0
DA:163,0
DA:165,0
DA:174,0
DA:175,0
DA:184,0
DA:187,0
DA:194,0
DA:195,0
DA:196,0
DA:199,0
DA:206,0
DA:209,0
DA:221,0
DA:222,0
DA:223,0
DA:231,0
DA:233,0
DA:236,0
DA:240,0
DA:246,0
DA:251,0
DA:252,0
DA:256,0
DA:257,0
DA:259,0
DA:266,0
DA:268,0
DA:270,0
DA:275,0
DA:276,0
DA:278,0
DA:279,0
DA:281,0
DA:286,0
DA:298,0
DA:301,0
DA:308,0
DA:309,0
DA:317,0
DA:319,0
DA:321,0
DA:325,0
DA:326,0
DA:327,0
DA:329,0
DA:331,0
DA:334,0
DA:335,0
DA:338,0
DA:340,0
DA:342,0
DA:350,0
DA:351,0
DA:356,1
DA:357,1
end_of_record
SF:./nptl/pthread_mutexattr_destroy.c
DA:24,0
DA:25,0
DA:26,0
end_of_record
SF:./nptl/pthread_mutexattr_getprioceiling.c
DA:27,0
DA:28,0
DA:29,0
DA:31,0
DA:33,0
DA:34,0
DA:36,0
DA:39,0
DA:40,0
DA:41,0
DA:42,0
DA:45,0
DA:47,0
DA:48,0
end_of_record
SF:./nptl/pthread_mutexattr_getprotocol.c
DA:25,0
DA:26,0
DA:28,0
DA:30,0
DA:31,0
DA:33,0
DA:34,0
end_of_record
SF:./nptl/pthread_mutexattr_getpshared.c
DA:24,0
DA:25,0
DA:27,0
DA:29,0
DA:30,0
DA:32,0
DA:33,0
end_of_record
SF:./nptl/pthread_mutexattr_getrobust.c
DA:24,0
DA:25,0
DA:27,0
DA:29,0
DA:30,0
DA:32,0
DA:33,0
end_of_record
SF:./nptl/pthread_mutexattr_gettype.c
DA:24,0
DA:25,0
DA:27,0
DA:29,0
DA:30,0
DA:32,0
DA:33,0
end_of_record
SF:./nptl/pthread_mutexattr_init.c
DA:25,0
DA:26,0
DA:27,0
DA:30,0
DA:36,0
DA:38,0
DA:39,0
end_of_record
SF:./nptl/pthread_mutexattr_setprioceiling.c
DA:27,0
DA:29,0
DA:30,0
DA:31,0
DA:33,0
DA:35,0
DA:37,0
DA:41,0
DA:43,0
DA:45,0
DA:46,0
DA:48,0
DA:49,0
end_of_record
SF:./nptl/pthread_mutexattr_setprotocol.c
DA:26,0
DA:27,0
DA:29,0
DA:30,0
DA:32,0
DA:34,0
DA:35,0
DA:37,0
DA:38,0
end_of_record
SF:./nptl/pthread_mutexattr_setpshared.c
DA:26,0
DA:27,0
DA:29,0
DA:33,0
DA:35,0
DA:36,0
DA:38,0
DA:40,0
DA:41,0
end_of_record
SF:./nptl/pthread_mutexattr_setrobust.c
DA:25,0
DA:26,0
DA:27,0
DA:28,0
DA:30,0
DA:34,0
DA:35,0
DA:37,0
DA:39,0
DA:40,0
end_of_record
SF:./nptl/pthread_mutexattr_settype.c
DA:25,0
DA:26,0
DA:28,0
DA:29,0
DA:33,0
DA:36,0
DA:38,0
DA:40,0
DA:41,0
end_of_record
SF:./nptl/pthread_once.c
DA:29,0
DA:30,0
DA:37,0
DA:38,0
DA:68,1
DA:69,1
DA:71,1
DA:76,1
DA:77,1
DA:80,1
DA:88,1
DA:92,1
DA:96,1
DA:101,1
DA:105,0
DA:114,1
DA:116,1
DA:118,1
DA:124,1
DA:127,1
DA:132,1
DA:136,1
DA:138,1
DA:139,1
DA:140,1
DA:143,1
DA:144,1
end_of_record
SF:./nptl/pthread_rwlock_clockrdlock.c
DA:26,0
DA:27,0
DA:28,0
end_of_record
SF:./nptl/pthread_rwlock_clockwrlock.c
DA:26,0
DA:27,0
DA:28,0
end_of_record
SF:./nptl/pthread_rwlock_common.c
DA:219,1
DA:221,1
DA:225,1
DA:227,1
DA:232,1
DA:233,1
DA:234,1
DA:236,1
DA:240,1
DA:242,1
DA:243,1
DA:244,1
DA:254,1
DA:259,1
DA:269,0
DA:270,0
DA:272,0
DA:275,1
DA:276,0
DA:281,1
DA:285,1
DA:293,1
DA:295,0
DA:299,1
DA:301,0
DA:311,1
DA:313,0
DA:314,0
DA:315,0
DA:316,0
DA:322,0
DA:329,0
DA:332,0
DA:333,0
DA:346,0
DA:353,1
DA:355,1
DA:370,1
DA:375,0
DA:378,0
DA:390,1
DA:395,0
DA:396,0
DA:402,0
DA:413,0
DA:416,0
DA:417,0
DA:424,0
DA:448,0
DA:451,0
DA:452,0
DA:454,0
DA:455,0
DA:456,0
DA:460,0
DA:463,0
DA:473,0
DA:474,0
DA:479,0
DA:482,0
DA:489,0
DA:494,0
DA:495,0
DA:499,0
DA:506,0
DA:512,0
DA:527,0
DA:529,0
DA:531,0
DA:534,0
DA:535,0
DA:536,0
DA:538,0
DA:541,0
DA:542,0
DA:548,0
DA:559,0
DA:561,0
DA:568,0
DA:569,0
DA:575,0
DA:577,0
DA:582,0
DA:583,0
DA:588,0
DA:598,0
DA:600,0
DA:604,0
DA:606,0
DA:622,0
DA:623,0
DA:625,0
DA:628,0
DA:629,0
DA:630,0
DA:636,0
DA:638,0
DA:643,0
DA:647,0
DA:650,0
DA:663,0
DA:673,0
DA:675,0
DA:676,0
DA:686,0
DA:692,0
DA:693,0
DA:704,0
DA:705,0
DA:706,0
DA:707,0
DA:708,0
DA:709,0
DA:719,0
DA:720,0
DA:730,0
DA:731,0
DA:734,0
DA:736,0
DA:745,0
DA:746,0
DA:747,0
DA:752,0
DA:753,0
DA:756,0
DA:757,0
DA:766,0
DA:772,0
DA:779,0
DA:784,0
DA:789,0
DA:790,0
DA:796,0
DA:803,0
DA:805,0
DA:821,0
DA:824,0
DA:825,0
DA:826,0
DA:830,0
DA:833,0
DA:835,0
DA:838,0
DA:839,0
DA:840,0
DA:853,0
DA:854,0
DA:855,0
DA:857,0
DA:862,0
DA:863,0
DA:865,0
DA:874,0
DA:880,0
DA:881,0
DA:886,0
DA:887,0
DA:888,0
DA:898,0
DA:904,0
DA:905,0
DA:908,0
DA:909,0
DA:918,0
DA:924,0
DA:927,0
DA:932,0
DA:940,0
DA:942,0
DA:948,0
DA:950,0
end_of_record
SF:./nptl/pthread_rwlock_destroy.c
DA:25,0
DA:26,0
DA:29,0
DA:30,0
end_of_record
SF:./nptl/pthread_rwlock_init.c
DA:35,0
DA:36,0
DA:40,0
DA:42,0
DA:45,0
DA:47,0
DA:49,0
DA:51,0
DA:54,0
DA:56,0
DA:57,0
end_of_record
SF:./nptl/pthread_rwlock_rdlock.c
DA:24,1
DA:25,1
DA:27,1
DA:28,0
DA:29,0
DA:30,1
end_of_record
SF:./nptl/pthread_rwlock_timedrdlock.c
DA:25,0
DA:26,0
DA:27,0
end_of_record
SF:./nptl/pthread_rwlock_timedwrlock.c
DA:25,0
DA:26,0
DA:27,0
end_of_record
SF:./nptl/pthread_rwlock_tryrdlock.c
DA:29,0
DA:40,0
DA:41,0
DA:42,0
DA:44,0
DA:49,0
DA:50,0
DA:52,0
DA:53,0
DA:59,0
DA:65,0
DA:73,0
DA:74,0
DA:89,0
DA:92,0
DA:107,0
DA:110,0
DA:111,0
DA:118,0
end_of_record
SF:./nptl/pthread_rwlock_trywrlock.c
DA:26,0
DA:37,0
DA:38,0
DA:39,0
DA:40,0
DA:41,0
DA:42,0
DA:45,0
DA:52,0
DA:56,0
DA:57,0
DA:58,0
DA:60,0
DA:65,0
DA:66,0
end_of_record
SF:./nptl/pthread_rwlock_unlock.c
DA:31,1
DA:32,1
DA:39,1
DA:40,1
DA:41,0
DA:43,1
DA:44,1
DA:45,1
end_of_record
SF:./nptl/pthread_rwlock_wrlock.c
DA:24,0
DA:25,0
DA:27,0
DA:28,0
DA:29,0
DA:30,0
end_of_record
SF:./nptl/pthread_rwlockattr_destroy.c
DA:24,0
DA:27,0
DA:28,0
end_of_record
SF:./nptl/pthread_rwlockattr_getkind_np.c
DA:24,0
DA:25,0
DA:27,0
DA:28,0
end_of_record
SF:./nptl/pthread_rwlockattr_getpshared.c
DA:24,0
DA:25,0
DA:27,0
DA:28,0
end_of_record
SF:./nptl/pthread_rwlockattr_init.c
DA:24,0
DA:25,0
DA:26,0
DA:29,0
DA:31,0
DA:33,0
DA:34,0
DA:36,0
DA:37,0
end_of_record
SF:./nptl/pthread_rwlockattr_setkind_np.c
DA:25,0
DA:26,0
DA:28,0
DA:30,0
DA:31,0
DA:33,0
DA:35,0
DA:37,0
DA:38,0
end_of_record
SF:./nptl/pthread_rwlockattr_setpshared.c
DA:26,0
DA:27,0
DA:29,0
DA:33,0
DA:35,0
DA:37,0
DA:38,0
end_of_record
SF:./nptl/pthread_setattr_default_np.c
DA:27,0
DA:28,0
DA:29,0
DA:30,0
DA:32,0
DA:35,0
DA:36,0
DA:37,0
DA:40,0
DA:41,0
DA:43,0
DA:50,0
DA:52,0
DA:58,0
DA:61,0
DA:65,0
DA:69,0
DA:70,0
DA:72,0
DA:73,0
DA:75,0
DA:77,0
DA:78,0
DA:85,0
DA:88,0
DA:90,0
DA:94,0
DA:95,0
DA:99,0
DA:100,0
DA:101,0
DA:104,0
DA:106,0
end_of_record
SF:./nptl/pthread_setcancelstate.c
DA:26,0
DA:27,0
DA:29,0
DA:30,0
DA:32,0
DA:34,0
DA:35,0
DA:37,0
DA:39,0
DA:42,0
DA:43,0
DA:44,0
DA:49,0
DA:54,0
DA:56,0
DA:58,0
DA:59,0
DA:68,0
DA:69,0
end_of_record
SF:./nptl/pthread_setcanceltype.c
DA:26,0
DA:27,0
DA:28,0
DA:30,0
DA:32,0
DA:33,0
DA:35,0
DA:37,0
DA:40,0
DA:41,0
DA:42,0
DA:47,0
DA:52,0
DA:54,0
DA:56,0
DA:58,0
DA:59,0
DA:69,0
DA:70,0
end_of_record
SF:./nptl/pthread_setconcurrency.c
DA:29,0
DA:30,0
DA:31,0
DA:33,0
DA:38,0
DA:39,0
end_of_record
SF:./nptl/pthread_setschedparam.c
DA:29,0
DA:30,0
DA:33,0
DA:35,0
DA:37,0
DA:40,0
DA:42,0
DA:43,0
DA:47,0
DA:48,0
DA:50,0
DA:51,0
DA:52,0
DA:56,0
DA:58,0
DA:63,0
DA:64,0
DA:65,0
DA:68,0
DA:71,0
end_of_record
SF:./nptl/pthread_setschedprio.c
DA:29,0
DA:30,0
DA:33,0
DA:35,0
DA:37,0
DA:38,0
DA:39,0
DA:42,0
DA:46,0
DA:47,0
DA:50,0
DA:51,0
DA:56,0
DA:57,0
DA:58,0
DA:61,0
DA:64,0
end_of_record
SF:./nptl/pthread_setspecific.c
DA:26,0
DA:27,0
DA:28,0
DA:29,0
DA:30,0
DA:31,0
DA:33,0
DA:37,0
DA:40,0
DA:42,0
DA:44,0
DA:47,0
DA:52,0
DA:53,0
DA:57,0
DA:58,0
DA:61,0
DA:62,0
DA:64,0
DA:67,0
DA:69,0
DA:70,0
DA:72,0
DA:73,0
DA:75,0
DA:79,0
DA:82,0
DA:87,0
DA:88,0
DA:90,0
DA:91,0
end_of_record
SF:./nptl/pthread_sigmask.c
DA:27,0
DA:28,0
DA:32,0
DA:33,0
DA:34,0
DA:36,0
DA:37,0
DA:38,0
DA:39,0
DA:44,0
DA:45,0
DA:48,0
DA:50,0
DA:54,0
end_of_record
SF:./nptl/pthread_spin_destroy.c
DA:24,0
DA:26,0
DA:27,0
end_of_record
SF:./nptl/pthread_testcancel.c
DA:24,0
DA:25,0
DA:26,0
end_of_record
SF:./nptl/pthread_timedjoin.c
DA:24,0
DA:25,0
end_of_record
SF:./nptl/pthread_tryjoin.c
DA:23,0
DA:25,0
DA:26,0
DA:31,0
DA:33,0
end_of_record
SF:./nptl/pthread_yield.c
DA:27,0
DA:28,0
end_of_record
SF:./nptl/res.c
DA:24,0
DA:25,0
DA:26,0
end_of_record
SF:./nptl/sem_clockwait.c
DA:27,0
DA:30,0
DA:32,0
DA:33,0
DA:36,0
DA:42,0
DA:43,0
DA:45,0
DA:46,0
end_of_record
SF:./nptl/sem_destroy.c
DA:26,0
DA:30,0
DA:31,0
end_of_record
SF:./nptl/sem_getvalue.c
DA:27,0
DA:28,0
DA:38,0
DA:43,0
DA:44,0
end_of_record
SF:./nptl/sem_init.c
DA:29,0
DA:30,0
DA:33,0
DA:35,0
DA:36,0
DA:38,0
DA:39,0
DA:47,0
DA:51,0
DA:59,0
DA:60,0
DA:62,0
DA:63,0
end_of_record
SF:./nptl/sem_post.c
DA:34,0
DA:35,0
DA:36,0
DA:44,0
DA:45,0
DA:47,0
DA:49,0
DA:50,0
DA:53,0
DA:56,0
DA:57,0
DA:78,0
end_of_record
SF:./nptl/sem_timedwait.c
DA:27,0
DA:28,0
DA:30,0
DA:31,0
DA:35,0
DA:37,0
DA:38,0
DA:40,0
DA:42,0
end_of_record
SF:./nptl/sem_wait.c
DA:25,0
DA:37,0
DA:39,0
DA:42,0
DA:44,0
DA:74,0
DA:77,0
DA:78,0
DA:79,0
DA:80,0
DA:81,0
end_of_record
SF:./nptl/sem_waitcommon.c
DA:88,0
DA:89,0
DA:93,0
DA:97,0
DA:106,0
DA:108,0
DA:109,0
DA:112,0
DA:121,0
DA:122,0
DA:126,0
DA:137,0
DA:138,0
DA:140,0
DA:142,0
DA:165,0
DA:167,0
DA:168,0
DA:173,0
DA:176,0
DA:179,0
DA:182,0
DA:184,0
DA:194,0
DA:196,0
DA:197,0
DA:199,0
DA:201,0
DA:204,0
DA:215,0
DA:218,0
DA:224,0
DA:313,0
DA:314,0
end_of_record
SF:./nptl/thrd_create.c
DA:23,0
DA:24,0
DA:27,0
DA:29,0
DA:30,0
end_of_record
SF:./nptl/thrd_detach.c
DA:23,0
DA:24,0
DA:26,0
DA:27,0
DA:28,0
end_of_record
SF:./nptl/thrd_exit.c
DA:23,0
DA:24,0
end_of_record
SF:./nptl/thrd_join.c
DA:23,0
DA:24,0
DA:25,0
DA:26,0
DA:27,0
DA:29,0
DA:30,0
end_of_record
SF:./nptl/thrd_priv.h
DA:28,0
DA:30,0
DA:37,0
DA:39,0
DA:41,0
end_of_record
SF:./nptl/tpp.c
DA:43,0
DA:44,0
DA:45,0
DA:47,0
DA:49,0
DA:53,0
DA:54,0
DA:55,0
DA:56,0
DA:57,0
DA:59,0
DA:65,0
DA:67,0
DA:68,0
DA:69,0
DA:72,0
DA:73,0
DA:75,0
DA:76,0
DA:77,0
DA:78,0
DA:79,0
DA:82,0
DA:85,0
DA:89,0
DA:90,0
DA:91,0
DA:93,0
DA:94,0
DA:95,0
DA:96,0
DA:100,0
DA:102,0
DA:104,0
DA:106,0
DA:107,0
DA:108,0
DA:114,0
DA:115,0
DA:118,0
DA:120,0
DA:122,0
DA:124,0
DA:126,0
DA:127,0
DA:129,0
DA:132,0
DA:134,0
DA:135,0
DA:136,0
DA:138,0
DA:141,0
DA:143,0
DA:144,0
DA:146,0
DA:147,0
DA:149,0
DA:150,0
DA:154,0
DA:157,0
DA:161,0
DA:162,0
DA:163,0
DA:165,0
DA:167,0
DA:170,0
DA:172,0
DA:174,0
DA:177,0
DA:180,0
DA:182,0
DA:183,0
DA:186,0
DA:189,0
DA:190,0
DA:192,0
DA:195,0
end_of_record
SF:./nptl/tss_create.c
DA:23,0
DA:24,0
DA:26,0
DA:29,0
DA:30,0
DA:31,0
end_of_record
SF:./nptl/tss_delete.c
DA:23,0
DA:24,0
end_of_record
SF:./nptl/tss_get.c
DA:23,0
DA:24,0
end_of_record
SF:./nptl/tss_set.c
DA:23,0
DA:24,0
DA:25,0
DA:26,0
end_of_record
SF:./nptl/unwind.c
DA:43,0
DA:44,0
DA:45,0
DA:46,0
DA:47,0
DA:52,0
DA:59,0
DA:60,0
DA:64,0
DA:69,0
DA:70,0
DA:72,0
DA:74,0
DA:77,0
DA:80,0
DA:83,0
DA:85,0
DA:86,0
DA:89,0
DA:93,0
DA:94,0
DA:97,0
DA:102,0
DA:105,0
DA:112,0
DA:113,0
DA:114,0
DA:118,0
DA:119,0
DA:121,0
DA:125,0
DA:133,0
DA:134,0
DA:136,0
end_of_record
SF:./nptl/version.c
DA:38,0
DA:39,0
DA:40,0
end_of_record
SF:./pthreadP.h
DA:51,0
DA:54,0
DA:302,0
DA:304,0
DA:307,0
DA:309,0
DA:310,0
DA:574,0
DA:576,0
DA:577,0
DA:579,0
DA:585,0
DA:587,0
DA:588,0
DA:590,0
DA:599,0
DA:601,0
end_of_record
SF:./semaphoreP.h
DA:46,0
DA:49,0
DA:55,0
DA:58,0
end_of_record
SF:./smp.h
DA:26,0
end_of_record
SF:/usr/lib/gcc/x86_64-linux-gnu/10/include/rtmintrin.h
DA:50,0
DA:52,0
DA:61,0
DA:63,0
DA:71,0
DA:73,0
end_of_record
